<?xml version="1.0" encoding="UTF-8"?>
<!-- Generated by org.testng.reporters.JUnitXMLReporter -->
<testsuite ignored="0" hostname="PS" failures="4" tests="5" name="DDTest" time="52.532" errors="0" timestamp="2026-02-07T15:51:34 IST">
  <testcase classname="testCases.TC__03_DDT_LoginPage2" name="test_Login" time="2.92"/>
  <testcase classname="testCases.TC__03_DDT_LoginPage2" name="test_Login" time="10.895">
    <failure type="java.lang.AssertionError" message="expected [true] but found [false]">
      <![CDATA[java.lang.AssertionError: expected [true] but found [false]
at testCases.TC__03_DDT_LoginPage2.test_Login(TC__03_DDT_LoginPage2.java:50)
at java.base/java.util.ArrayList.forEach(ArrayList.java:1596)
... Removed 29 stack frames]]>
    </failure>
  </testcase> <!-- test_Login -->
  <testcase classname="testCases.TC__03_DDT_LoginPage2" name="test_Login" time="10.175">
    <failure type="java.lang.AssertionError" message="null">
      <![CDATA[java.lang.AssertionError: null
at testCases.TC__03_DDT_LoginPage2.test_Login(TC__03_DDT_LoginPage2.java:68)
at java.base/java.util.ArrayList.forEach(ArrayList.java:1596)
... Removed 27 stack frames]]>
    </failure>
  </testcase> <!-- test_Login -->
  <testcase classname="testCases.TC__03_DDT_LoginPage2" name="test_Login" time="11.19">
    <failure type="java.lang.AssertionError" message="expected [true] but found [false]">
      <![CDATA[java.lang.AssertionError: expected [true] but found [false]
at testCases.TC__03_DDT_LoginPage2.test_Login(TC__03_DDT_LoginPage2.java:50)
at java.base/java.util.ArrayList.forEach(ArrayList.java:1596)
... Removed 29 stack frames]]>
    </failure>
  </testcase> <!-- test_Login -->
  <testcase classname="testCases.TC__03_DDT_LoginPage2" name="test_Login" time="10.138">
    <failure type="java.lang.AssertionError" message="null">
      <![CDATA[java.lang.AssertionError: null
at testCases.TC__03_DDT_LoginPage2.test_Login(TC__03_DDT_LoginPage2.java:68)
at java.base/java.util.ArrayList.forEach(ArrayList.java:1596)
... Removed 27 stack frames]]>
    </failure>
  </testcase> <!-- test_Login -->
</testsuite> <!-- DDTest -->
