<?xml version="1.0" encoding="UTF-8"?>
<!-- Generated by org.testng.reporters.JUnitXMLReporter -->
<testsuite ignored="0" hostname="PS" failures="1" tests="2" name="Test" time="20.486" errors="0" timestamp="2026-02-13T15:32:07 IST">
  <testcase classname="testCases.TC__02_LoginPage" name="test_Login" time="8.906">
    <failure type="java.lang.AssertionError" message="null">
      <![CDATA[java.lang.AssertionError: null
at testCases.TC__02_LoginPage.test_Login(TC__02_LoginPage.java:49)
at java.base/java.util.ArrayList.forEach(ArrayList.java:1596)
... Removed 27 stack frames]]>
    </failure>
  </testcase> <!-- test_Login -->
  <testcase classname="testCases.TC__01_Account_Registration" name="test_Acc_Resgitration" time="5.809"/>
</testsuite> <!-- Test -->
