<?xml version="1.0" encoding="UTF-8"?>
<testsuite xmlns:xsi="http://www.w3.org/2001/XMLSchema-instance" xsi:noNamespaceSchemaLocation="https://maven.apache.org/surefire/maven-surefire-plugin/xsd/surefire-test-report.xsd" version="3.0.2" name="TestSuite" time="37.971" tests="2" errors="0" skipped="0" failures="1">
  <properties>
[...]
</properties>
  <testcase name="test_Login" classname="testCases.TC__02_LoginPage" time="27.539">
    <failure message="null" type="java.lang.AssertionError"><![CDATA[java.lang.AssertionError: null
	at org.testng.Assert.fail(Assert.java:111)
	at org.testng.Assert.fail(Assert.java:116)
	at testCases.TC__02_LoginPage.test_Login(TC__02_LoginPage.java:49)
	at java.base/jdk.internal.reflect.NativeMethodAccessorImpl.invoke0(Native Method)
	at java.base/jdk.internal.reflect.NativeMethodAccessorImpl.invoke(NativeMethodAccessorImpl.java:77)
	at java.base/jdk.internal.reflect.DelegatingMethodAccessorImpl.invoke(DelegatingMethodAccessorImpl.java:43)
	at java.base/java.lang.reflect.Method.invoke(Method.java:568)
	at org.testng.internal.invokers.MethodInvocationHelper.invokeMethod(MethodInvocationHelper.java:141)
	at org.testng.internal.invokers.TestInvoker.invokeMethod(TestInvoker.java:697)
	at org.testng.internal.invokers.TestInvoker.invokeTestMethod(TestInvoker.java:230)
	at org.testng.internal.invokers.MethodRunner.runInSequence(MethodRunner.java:63)
	at org.testng.internal.invokers.TestInvoker$MethodInvocationAgent.invoke(TestInvoker.java:1005)
	at org.testng.internal.invokers.TestInvoker.invokeTestMethods(TestInvoker.java:203)
	at org.testng.internal.invokers.TestMethodWorker.invokeTestMethods(TestMethodWorker.java:154)
	at org.testng.internal.invokers.TestMethodWorker.run(TestMethodWorker.java:134)
	at java.base/java.util.ArrayList.forEach(ArrayList.java:1511)
	at org.testng.TestRunner.privateRun(TestRunner.java:744)
	at org.testng.TestRunner.run(TestRunner.java:616)
	at org.testng.SuiteRunner.runTest(SuiteRunner.java:421)
	at org.testng.SuiteRunner.runSequentially(SuiteRunner.java:413)
	at org.testng.SuiteRunner.privateRun(SuiteRunner.java:373)
	at org.testng.SuiteRunner.run(SuiteRunner.java:312)
	at org.testng.SuiteRunnerWorker.runSuite(SuiteRunnerWorker.java:52)
	at org.testng.SuiteRunnerWorker.run(SuiteRunnerWorker.java:95)
	at org.testng.TestNG.runSuitesSequentially(TestNG.java:1274)
	at org.testng.TestNG.runSuitesLocally(TestNG.java:1208)
	at org.testng.TestNG.runSuites(TestNG.java:1112)
	at org.testng.TestNG.run(TestNG.java:1079)
	at org.apache.maven.surefire.testng.TestNGExecutor.run(TestNGExecutor.java:308)
	at org.apache.maven.surefire.testng.TestNGXmlTestSuite.execute(TestNGXmlTestSuite.java:71)
	at org.apache.maven.surefire.testng.TestNGProvider.invoke(TestNGProvider.java:113)
	at org.apache.maven.surefire.booter.ForkedBooter.runSuitesInProcess(ForkedBooter.java:385)
	at org.apache.maven.surefire.booter.ForkedBooter.execute(ForkedBooter.java:162)
	at org.apache.maven.surefire.booter.ForkedBooter.run(ForkedBooter.java:507)
	at org.apache.maven.surefire.booter.ForkedBooter.main(ForkedBooter.java:495)
]]></failure>
    <system-out><![CDATA[SETUP STARTED | OS=Linux | Browser=Chrome
2026-02-12T13:44:51.635141100Z main DEBUG Apache Log4j Core 2.23 initializing configuration XmlConfiguration[location=C:\Users\preet\OneDrive\Desktop\test\Orange_HRM\target\test-classes\log4j2.xml]
2026-02-12T13:44:51.637941900Z main DEBUG PluginManager 'Core' found 131 plugins
2026-02-12T13:44:51.637941900Z main DEBUG PluginManager 'Level' found 0 plugins
2026-02-12T13:44:51.640954800Z main DEBUG Building Plugin[name=property, class=org.apache.logging.log4j.core.config.Property].
2026-02-12T13:44:51.643255500Z main DEBUG PluginManager 'TypeConverter' found 26 plugins
2026-02-12T13:44:51.651070700Z main DEBUG createProperty(name="basePath", value="./logs", Configuration(C:\Users\preet\OneDrive\Desktop\test\Orange_HRM\target\test-classes\log4j2.xml))
2026-02-12T13:44:51.651070700Z main DEBUG Building Plugin[name=properties, class=org.apache.logging.log4j.core.config.PropertiesPlugin].
2026-02-12T13:44:51.655984400Z main DEBUG configureSubstitutor(={basePath=./logs}, Configuration(C:\Users\preet\OneDrive\Desktop\test\Orange_HRM\target\test-classes\log4j2.xml))
2026-02-12T13:44:51.655984400Z main DEBUG PluginManager 'Lookup' found 16 plugins
2026-02-12T13:44:51.655984400Z main DEBUG Building Plugin[name=layout, class=org.apache.logging.log4j.core.layout.PatternLayout].
2026-02-12T13:44:51.655984400Z main DEBUG PatternLayout$Builder(pattern="%d{HH:mm:ss.SSS} [%t] %-5level %logger{36} - %msg%n", PatternSelector=null, Configuration(C:\Users\preet\OneDrive\Desktop\test\Orange_HRM\target\test-classes\log4j2.xml), Replace=null, charset="null", alwaysWriteExceptions="null", disableAnsi="null", noConsoleNoAnsi="null", header="null", footer="null")
2026-02-12T13:44:51.655984400Z main DEBUG PluginManager 'Converter' found 45 plugins
2026-02-12T13:44:51.655984400Z main DEBUG Building Plugin[name=appender, class=org.apache.logging.log4j.core.appender.ConsoleAppender].
2026-02-12T13:44:51.661225700Z main DEBUG ConsoleAppender$Builder(target="SYSTEM_OUT", follow="null", direct="null", bufferedIo="null", bufferSize="null", immediateFlush="null", ignoreExceptions="null", PatternLayout(%d{HH:mm:ss.SSS} [%t] %-5level %logger{36} - %msg%n), name="Console", Configuration(C:\Users\preet\OneDrive\Desktop\test\Orange_HRM\target\test-classes\log4j2.xml), Filter=null, ={})
2026-02-12T13:44:51.661225700Z main DEBUG Starting OutputStreamManager SYSTEM_OUT.false.false
2026-02-12T13:44:51.661225700Z main DEBUG Building Plugin[name=layout, class=org.apache.logging.log4j.core.layout.PatternLayout].
2026-02-12T13:44:51.661225700Z main DEBUG PatternLayout$Builder(pattern="%d{HH:mm:ss.SSS} [%t] %-5level %logger{36} - %msg%n", PatternSelector=null, Configuration(C:\Users\preet\OneDrive\Desktop\test\Orange_HRM\target\test-classes\log4j2.xml), Replace=null, charset="null", alwaysWriteExceptions="null", disableAnsi="null", noConsoleNoAnsi="null", header="null", footer="null")
2026-02-12T13:44:51.661225700Z main DEBUG Building Plugin[name=SizeBasedTriggeringPolicy, class=org.apache.logging.log4j.core.appender.rolling.SizeBasedTriggeringPolicy].
2026-02-12T13:44:51.667215200Z main DEBUG createPolicy(size="5000")
2026-02-12T13:44:51.667215200Z main DEBUG Building Plugin[name=appender, class=org.apache.logging.log4j.core.appender.RollingFileAppender].
2026-02-12T13:44:51.667215200Z main DEBUG RollingFileAppender$Builder(fileName="./logs/automation.log", filePattern="./logs/automation-%d{yyyy-MM-dd}.log", append="null", locking="null", SizeBasedTriggeringPolicy(SizeBasedTriggeringPolicy(size=5000)), Strategy=null, advertise="null", advertiseUri="null", createOnDemand="null", filePermissions="null", fileOwner="null", fileGroup="null", bufferedIo="null", bufferSize="null", immediateFlush="null", ignoreExceptions="null", PatternLayout(%d{HH:mm:ss.SSS} [%t] %-5level %logger{36} - %msg%n), name="File", Configuration(C:\Users\preet\OneDrive\Desktop\test\Orange_HRM\target\test-classes\log4j2.xml), Filter=null, ={})
2026-02-12T13:44:51.671681100Z main DEBUG Returning file creation time for C:\Users\preet\OneDrive\Desktop\test\Orange_HRM\.\logs\automation.log
2026-02-12T13:44:51.671681100Z main DEBUG Starting RollingFileManager ./logs/automation.log
2026-02-12T13:44:51.671681100Z main DEBUG PluginManager 'FileConverter' found 2 plugins
2026-02-12T13:44:51.679430100Z main DEBUG Setting prev file time to 2026-02-12T18:59:20.249+0530
2026-02-12T13:44:51.679430100Z main DEBUG Initializing triggering policy SizeBasedTriggeringPolicy(size=5000)
2026-02-12T13:44:51.681438500Z main DEBUG Building Plugin[name=appenders, class=org.apache.logging.log4j.core.config.AppendersPlugin].
2026-02-12T13:44:51.681438500Z main DEBUG createAppenders(={Console, File})
2026-02-12T13:44:51.681438500Z main DEBUG Building Plugin[name=AppenderRef, class=org.apache.logging.log4j.core.config.AppenderRef].
2026-02-12T13:44:51.681943800Z main DEBUG createAppenderRef(ref="Console", level="null", Filter=null)
2026-02-12T13:44:51.681943800Z main DEBUG Building Plugin[name=AppenderRef, class=org.apache.logging.log4j.core.config.AppenderRef].
2026-02-12T13:44:51.681943800Z main DEBUG createAppenderRef(ref="File", level="null", Filter=null)
2026-02-12T13:44:51.682459700Z main DEBUG Building Plugin[name=root, class=org.apache.logging.log4j.core.config.LoggerConfig$RootLogger].
2026-02-12T13:44:51.682459700Z main DEBUG LoggerConfig$RootLogger$Builder(additivity="null", level="DEBUG", levelAndRefs="null", includeLocation="null", ={Console, File}, ={}, Configuration(C:\Users\preet\OneDrive\Desktop\test\Orange_HRM\target\test-classes\log4j2.xml), Filter=null)
2026-02-12T13:44:51.682459700Z main DEBUG Building Plugin[name=loggers, class=org.apache.logging.log4j.core.config.LoggersPlugin].
2026-02-12T13:44:51.682459700Z main DEBUG createLoggers(={root})
2026-02-12T13:44:51.682459700Z main DEBUG Configuration XmlConfiguration[location=C:\Users\preet\OneDrive\Desktop\test\Orange_HRM\target\test-classes\log4j2.xml] initialized
2026-02-12T13:44:51.682459700Z main DEBUG Starting configuration XmlConfiguration[location=C:\Users\preet\OneDrive\Desktop\test\Orange_HRM\target\test-classes\log4j2.xml]
2026-02-12T13:44:51.682459700Z main DEBUG Started configuration XmlConfiguration[location=C:\Users\preet\OneDrive\Desktop\test\Orange_HRM\target\test-classes\log4j2.xml] OK.
2026-02-12T13:44:51.682459700Z main DEBUG Shutting down OutputStreamManager SYSTEM_OUT.false.false-1
2026-02-12T13:44:51.682459700Z main DEBUG OutputStream closed
2026-02-12T13:44:51.682459700Z main DEBUG Shut down OutputStreamManager SYSTEM_OUT.false.false-1, all resources released: true
2026-02-12T13:44:51.682459700Z main DEBUG Appender DefaultConsole-1 stopped with status true
2026-02-12T13:44:51.682459700Z main DEBUG Stopped org.apache.logging.log4j.core.config.DefaultConfiguration@2807bdeb OK
2026-02-12T13:44:51.713835Z main DEBUG Registering MBean org.apache.logging.log4j2:type=73d16e93
2026-02-12T13:44:51.719577600Z main DEBUG Registering MBean org.apache.logging.log4j2:type=73d16e93,component=StatusLogger
2026-02-12T13:44:51.719577600Z main DEBUG Registering MBean org.apache.logging.log4j2:type=73d16e93,component=ContextSelector
2026-02-12T13:44:51.719577600Z main DEBUG Registering MBean org.apache.logging.log4j2:type=73d16e93,component=Loggers,name=
2026-02-12T13:44:51.719577600Z main DEBUG Registering MBean org.apache.logging.log4j2:type=73d16e93,component=Appenders,name=Console
2026-02-12T13:44:51.719577600Z main DEBUG Registering MBean org.apache.logging.log4j2:type=73d16e93,component=Appenders,name=File
2026-02-12T13:44:51.719577600Z main DEBUG org.apache.logging.log4j.core.util.SystemClock supports precise timestamps.
2026-02-12T13:44:51.719577600Z main DEBUG Reconfiguration complete for context[name=73d16e93] at URI C:\Users\preet\OneDrive\Desktop\test\Orange_HRM\target\test-classes\log4j2.xml (org.apache.logging.log4j.core.LoggerContext@5dda6f9) with optional ClassLoader: null
2026-02-12T13:44:51.723480700Z main DEBUG Shutdown hook enabled. Registering a new one.
2026-02-12T13:44:51.723480700Z main DEBUG LoggerContext[name=73d16e93, org.apache.logging.log4j.core.LoggerContext@5dda6f9] started OK.
19:14:53.803 [main] INFO  testCases.TC__02_LoginPage -  *** Check Login Functionality *** 
19:14:54.284 [main] INFO  testCases.TC__02_LoginPage -  *** Clicked Login *** 
19:14:54.285 [main] INFO  testCases.TC__02_LoginPage -  *** Enter credentials *** 
19:14:55.340 [main] INFO  testCases.TC__02_LoginPage -  *** Account Logged in *** 
19:14:55.340 [main] INFO  testCases.TC__02_LoginPage -  *** Conform Login through My Account Page *** 
19:15:21.307 [main] ERROR testCases.TC__02_LoginPage -  *** Failed Login *** 
]]></system-out>
    <system-err><![CDATA[SLF4J(W): No SLF4J providers were found.
SLF4J(W): Defaulting to no-operation (NOP) logger implementation
SLF4J(W): See https://www.slf4j.org/codes.html#noProviders for further details.
Feb 12, 2026 7:14:51 PM org.openqa.selenium.remote.tracing.opentelemetry.OpenTelemetryTracer createTracer
INFO: Using OpenTelemetry for tracing
org.openqa.selenium.WebDriverException: tab crashed
  (Session info: chrome=144.0.7559.109) (error code: "tab crashed")
Build info: version: '4.40.0', revision: 'b3333f1'
System info: os.name: 'Windows 11', os.arch: 'amd64', os.version: '10.0', java.version: '17.0.12'
Driver info: org.openqa.selenium.remote.RemoteWebDriver
Command: [99f4e358f829606161ab4f6826b675f0, screenshot {}]
Capabilities {acceptInsecureCerts: false, browserName: chrome, browserVersion: 144.0.7559.109, chrome: {chromedriverVersion: 144.0.7559.109 (6a8d5e49388..., userDataDir: /tmp/org.chromium.Chromium....}, fedcm:accounts: true, goog:chromeOptions: {debuggerAddress: localhost:36081}, goog:processID: 1837, networkConnectionEnabled: false, pageLoadStrategy: normal, platformName: linux, proxy: Proxy(), se:bidiEnabled: false, se:cdp: ws://172.18.0.3:4444/sessio..., se:cdpVersion: 144.0.7559.109, se:containerName: 9ee57319e6ca, se:deleteSessionOnUi: true, se:downloadsEnabled: true, se:noVncPort: 7900, se:vnc: ws://172.18.0.3:4444/sessio..., se:vncEnabled: true, se:vncLocalAddress: ws://172.18.0.3:7900, setWindowRect: true, strictFileInteractability: false, timeouts: {implicit: 0, pageLoad: 300000, script: 30000}, unhandledPromptBehavior: dismiss and notify, webauthn:extension:credBlob: true, webauthn:extension:largeBlob: true, webauthn:extension:minPinLength: true, webauthn:extension:prf: true, webauthn:virtualAuthenticators: true}
Session ID: 99f4e358f829606161ab4f6826b675f0
	at org.openqa.selenium.remote.ErrorCodec.decode(ErrorCodec.java:172)
	at org.openqa.selenium.remote.codec.w3c.W3CHttpResponseCodec.decode(W3CHttpResponseCodec.java:142)
	at org.openqa.selenium.remote.codec.w3c.W3CHttpResponseCodec.decode(W3CHttpResponseCodec.java:49)
	at org.openqa.selenium.remote.HttpCommandExecutor.execute(HttpCommandExecutor.java:223)
	at org.openqa.selenium.remote.TracedCommandExecutor.execute(TracedCommandExecutor.java:53)
	at org.openqa.selenium.remote.RemoteWebDriver.execute(RemoteWebDriver.java:601)
	at org.openqa.selenium.remote.RemoteWebDriver.execute(RemoteWebDriver.java:678)
	at org.openqa.selenium.remote.RemoteWebDriver.execute(RemoteWebDriver.java:682)
	at org.openqa.selenium.remote.RemoteWebDriver.getScreenshotAs(RemoteWebDriver.java:390)
	at testBase.BaseTest.captureSS(BaseTest.java:154)
	at utilities.Extent_Reports_Utility.onTestFailure(Extent_Reports_Utility.java:79)
	at org.testng.internal.TestListenerHelper.runTestListeners(TestListenerHelper.java:115)
	at org.testng.internal.invokers.TestInvoker.runTestResultListener(TestInvoker.java:296)
	at org.testng.internal.invokers.TestInvoker.invokeMethod(TestInvoker.java:787)
	at org.testng.internal.invokers.TestInvoker.invokeTestMethod(TestInvoker.java:230)
	at org.testng.internal.invokers.MethodRunner.runInSequence(MethodRunner.java:63)
	at org.testng.internal.invokers.TestInvoker$MethodInvocationAgent.invoke(TestInvoker.java:1005)
	at org.testng.internal.invokers.TestInvoker.invokeTestMethods(TestInvoker.java:203)
	at org.testng.internal.invokers.TestMethodWorker.invokeTestMethods(TestMethodWorker.java:154)
	at org.testng.internal.invokers.TestMethodWorker.run(TestMethodWorker.java:134)
	at java.base/java.util.ArrayList.forEach(ArrayList.java:1511)
	at org.testng.TestRunner.privateRun(TestRunner.java:744)
	at org.testng.TestRunner.run(TestRunner.java:616)
	at org.testng.SuiteRunner.runTest(SuiteRunner.java:421)
	at org.testng.SuiteRunner.runSequentially(SuiteRunner.java:413)
	at org.testng.SuiteRunner.privateRun(SuiteRunner.java:373)
	at org.testng.SuiteRunner.run(SuiteRunner.java:312)
	at org.testng.SuiteRunnerWorker.runSuite(SuiteRunnerWorker.java:52)
	at org.testng.SuiteRunnerWorker.run(SuiteRunnerWorker.java:95)
	at org.testng.TestNG.runSuitesSequentially(TestNG.java:1274)
	at org.testng.TestNG.runSuitesLocally(TestNG.java:1208)
	at org.testng.TestNG.runSuites(TestNG.java:1112)
	at org.testng.TestNG.run(TestNG.java:1079)
	at org.apache.maven.surefire.testng.TestNGExecutor.run(TestNGExecutor.java:308)
	at org.apache.maven.surefire.testng.TestNGXmlTestSuite.execute(TestNGXmlTestSuite.java:71)
	at org.apache.maven.surefire.testng.TestNGProvider.invoke(TestNGProvider.java:113)
	at org.apache.maven.surefire.booter.ForkedBooter.runSuitesInProcess(ForkedBooter.java:385)
	at org.apache.maven.surefire.booter.ForkedBooter.execute(ForkedBooter.java:162)
	at org.apache.maven.surefire.booter.ForkedBooter.run(ForkedBooter.java:507)
	at org.apache.maven.surefire.booter.ForkedBooter.main(ForkedBooter.java:495)
]]></system-err>
  </testcase>
  <testcase name="test_Acc_Resgitration" classname="testCases.TC__01_Account_Registration" time="5.07">
    <system-out><![CDATA[SETUP STARTED | OS=Linux | Browser=Chrome
19:15:22.510 [main] INFO  testCases.TC__01_Account_Registration -  *** Account Registration *** 
19:15:23.008 [main] INFO  testCases.TC__01_Account_Registration -  *** Clicked on Register *** 
19:15:23.010 [main] INFO  testCases.TC__01_Account_Registration -  *** Entering the Details *** 
19:15:27.544 [main] INFO  testCases.TC__01_Account_Registration -  *** Account Created *** 
19:15:27.579 [main] INFO  testCases.TC__01_Account_Registration -  *** TC__01 Account Resistration completed *** 
]]></system-out>
  </testcase>
</testsuite>