<?xml version="1.0" encoding="UTF-8"?>
<testng-results ignored="0" total="2" passed="1" failed="1" skipped="0">
  <reporter-output>
  </reporter-output>
  <suite started-at="2026-02-13T15:31:45 IST" name="Suite" finished-at="2026-02-13T15:32:06 IST" duration-ms="20486">
    <groups>
      <group name="Master">
        <method signature="TC__01_Account_Registration.test_Acc_Resgitration()[pri:0, instance:testCases.TC__01_Account_Registration@24aed80c]" name="test_Acc_Resgitration" class="testCases.TC__01_Account_Registration"/>
        <method signature="TC__02_LoginPage.test_Login()[pri:0, instance:testCases.TC__02_LoginPage@fbd1f6]" name="test_Login" class="testCases.TC__02_LoginPage"/>
      </group> <!-- Master -->
      <group name="Sanity">
        <method signature="TC__02_LoginPage.test_Login()[pri:0, instance:testCases.TC__02_LoginPage@fbd1f6]" name="test_Login" class="testCases.TC__02_LoginPage"/>
      </group> <!-- Sanity -->
      <group name="Regression">
        <method signature="TC__01_Account_Registration.test_Acc_Resgitration()[pri:0, instance:testCases.TC__01_Account_Registration@24aed80c]" name="test_Acc_Resgitration" class="testCases.TC__01_Account_Registration"/>
      </group> <!-- Regression -->
    </groups>
    <test started-at="2026-02-13T15:31:45 IST" name="Test" finished-at="2026-02-13T15:32:06 IST" duration-ms="20486">
      <class name="testCases.TC__02_LoginPage">
        <test-method is-config="true" signature="setup(java.lang.String,java.lang.String)[pri:0, instance:testCases.TC__02_LoginPage@fbd1f6]" started-at="2026-02-13T15:31:45 IST" name="setup" finished-at="2026-02-13T15:31:49 IST" duration-ms="3974" status="PASS">
          <params>
            <param index="0">
              <value>
                <![CDATA[Linux]]>
              </value>
            </param>
            <param index="1">
              <value>
                <![CDATA[Chrome]]>
              </value>
            </param>
          </params>
          <reporter-output>
          </reporter-output>
        </test-method> <!-- setup -->
        <test-method signature="test_Login()[pri:0, instance:testCases.TC__02_LoginPage@fbd1f6]" started-at="2026-02-13T15:31:49 IST" name="test_Login" finished-at="2026-02-13T15:31:58 IST" duration-ms="8906" status="FAIL">
          <exception class="java.lang.AssertionError">
            <message>
              <![CDATA[null]]>
            </message>
            <full-stacktrace>
              <![CDATA[java.lang.AssertionError: null
at org.testng.Assert.fail(Assert.java:111)
at org.testng.Assert.fail(Assert.java:116)
at testCases.TC__02_LoginPage.test_Login(TC__02_LoginPage.java:49)
at java.base/jdk.internal.reflect.DirectMethodHandleAccessor.invoke(DirectMethodHandleAccessor.java:103)
at java.base/java.lang.reflect.Method.invoke(Method.java:580)
at org.testng.internal.invokers.MethodInvocationHelper.invokeMethod(MethodInvocationHelper.java:141)
at org.testng.internal.invokers.TestInvoker.invokeMethod(TestInvoker.java:697)
at org.testng.internal.invokers.TestInvoker.invokeTestMethod(TestInvoker.java:230)
at org.testng.internal.invokers.MethodRunner.runInSequence(MethodRunner.java:63)
at org.testng.internal.invokers.TestInvoker$MethodInvocationAgent.invoke(TestInvoker.java:1005)
at org.testng.internal.invokers.TestInvoker.invokeTestMethods(TestInvoker.java:203)
at org.testng.internal.invokers.TestMethodWorker.invokeTestMethods(TestMethodWorker.java:154)
at org.testng.internal.invokers.TestMethodWorker.run(TestMethodWorker.java:134)
at java.base/java.util.ArrayList.forEach(ArrayList.java:1596)
at org.testng.TestRunner.privateRun(TestRunner.java:744)
at org.testng.TestRunner.run(TestRunner.java:616)
at org.testng.SuiteRunner.runTest(SuiteRunner.java:421)
at org.testng.SuiteRunner.runSequentially(SuiteRunner.java:413)
at org.testng.SuiteRunner.privateRun(SuiteRunner.java:373)
at org.testng.SuiteRunner.run(SuiteRunner.java:312)
at org.testng.SuiteRunnerWorker.runSuite(SuiteRunnerWorker.java:52)
at org.testng.SuiteRunnerWorker.run(SuiteRunnerWorker.java:95)
at org.testng.TestNG.runSuitesSequentially(TestNG.java:1274)
at org.testng.TestNG.runSuitesLocally(TestNG.java:1208)
at org.testng.TestNG.runSuites(TestNG.java:1112)
at org.testng.TestNG.run(TestNG.java:1079)
at org.testng.remote.AbstractRemoteTestNG.run(AbstractRemoteTestNG.java:115)
at org.testng.remote.RemoteTestNG.initAndRun(RemoteTestNG.java:293)
at org.testng.remote.RemoteTestNG.main(RemoteTestNG.java:91)
]]>
            </full-stacktrace>
          </exception> <!-- java.lang.AssertionError -->
          <reporter-output>
          </reporter-output>
        </test-method> <!-- test_Login -->
        <test-method is-config="true" signature="tearDown()[pri:0, instance:testCases.TC__02_LoginPage@fbd1f6]" started-at="2026-02-13T15:31:58 IST" name="tearDown" finished-at="2026-02-13T15:31:58 IST" duration-ms="29" status="PASS">
          <reporter-output>
          </reporter-output>
        </test-method> <!-- tearDown -->
      </class> <!-- testCases.TC__02_LoginPage -->
      <class name="testCases.TC__01_Account_Registration">
        <test-method is-config="true" signature="setup(java.lang.String,java.lang.String)[pri:0, instance:testCases.TC__01_Account_Registration@24aed80c]" started-at="2026-02-13T15:31:58 IST" name="setup" finished-at="2026-02-13T15:32:00 IST" duration-ms="1316" status="PASS">
          <params>
            <param index="0">
              <value>
                <![CDATA[Linux]]>
              </value>
            </param>
            <param index="1">
              <value>
                <![CDATA[Chrome]]>
              </value>
            </param>
          </params>
          <reporter-output>
          </reporter-output>
        </test-method> <!-- setup -->
        <test-method signature="test_Acc_Resgitration()[pri:0, instance:testCases.TC__01_Account_Registration@24aed80c]" started-at="2026-02-13T15:32:00 IST" name="test_Acc_Resgitration" finished-at="2026-02-13T15:32:05 IST" duration-ms="5809" status="PASS">
          <reporter-output>
          </reporter-output>
        </test-method> <!-- test_Acc_Resgitration -->
        <test-method is-config="true" signature="tearDown()[pri:0, instance:testCases.TC__01_Account_Registration@24aed80c]" started-at="2026-02-13T15:32:05 IST" name="tearDown" finished-at="2026-02-13T15:32:06 IST" duration-ms="100" status="PASS">
          <reporter-output>
          </reporter-output>
        </test-method> <!-- tearDown -->
      </class> <!-- testCases.TC__01_Account_Registration -->
    </test> <!-- Test -->
  </suite> <!-- Suite -->
</testng-results>
